{
  "RSpec": {
    "coverage": {
      "/Users/jankoszewski/Dropbox/hungry academy/projects/railstutorial_app/app/controllers/application_controller.rb": [
        1,
        1,
        null
      ],
      "/Users/jankoszewski/Dropbox/hungry academy/projects/railstutorial_app/app/helpers/application_helper.rb": [
        1,
        1,
        12,
        12,
        0,
        null,
        12,
        null,
        null,
        null
      ],
      "/Users/jankoszewski/Dropbox/hungry academy/projects/railstutorial_app/app/helpers/microposts_helper.rb": [
        1,
        null
      ],
      "/Users/jankoszewski/Dropbox/hungry academy/projects/railstutorial_app/app/helpers/pages_helper.rb": [
        1,
        null
      ],
      "/Users/jankoszewski/Dropbox/hungry academy/projects/railstutorial_app/app/helpers/users_helper.rb": [
        1,
        null
      ],
      "/Users/jankoszewski/Dropbox/hungry academy/projects/railstutorial_app/app/controllers/microposts_controller.rb": [
        1,
        null,
        null,
        1,
        0,
        null,
        0,
        0,
        0,
        null,
        null,
        null,
        null,
        null,
        1,
        0,
        null,
        0,
        0,
        0,
        null,
        null,
        null,
        null,
        null,
        1,
        0,
        null,
        0,
        0,
        0,
        null,
        null,
        null,
        null,
        1,
        0,
        null,
        null,
        null,
        null,
        1,
        0,
        null,
        0,
        0,
        0,
        0,
        null,
        0,
        0,
        null,
        null,
        null,
        null,
        null,
        null,
        1,
        0,
        null,
        0,
        0,
        0,
        0,
        null,
        0,
        0,
        null,
        null,
        null,
        null,
        null,
        null,
        1,
        0,
        0,
        null,
        0,
        0,
        0,
        null,
        null,
        null
      ],
      "/Users/jankoszewski/Dropbox/hungry academy/projects/railstutorial_app/app/models/micropost.rb": [
        1,
        1,
        1,
        null,
        1,
        null
      ],
      "/Users/jankoszewski/Dropbox/hungry academy/projects/railstutorial_app/app/controllers/pages_controller.rb": [
        1,
        1,
        3,
        null,
        null,
        1,
        3,
        null,
        null,
        1,
        4,
        null,
        null,
        1,
        2,
        null,
        null
      ],
      "/Users/jankoszewski/Dropbox/hungry academy/projects/railstutorial_app/app/controllers/users_controller.rb": [
        1,
        null,
        1,
        0,
        null,
        null,
        1,
        0,
        null,
        null,
        1,
        3,
        3,
        null,
        null,
        1,
        0,
        null,
        null,
        1,
        2,
        0,
        null,
        0,
        0,
        null,
        null,
        null,
        1,
        0,
        null,
        null,
        1,
        0,
        0,
        null,
        null
      ],
      "/Users/jankoszewski/Dropbox/hungry academy/projects/railstutorial_app/app/models/user.rb": [
        1,
        1,
        null,
        1,
        null
      ]
    },
    "timestamp": 1333914159
  }
}
